<?xml version="1.0" encoding="UTF-8"?>
<!-- Generated by org.testng.reporters.JUnitReportReporter -->
<testsuite hostname="DESKTOP-NM0SKFU" failures="0" tests="1" name="POM_DDF_TestNG.SwagLoginPageTest" time="5.651" errors="0" timestamp="2023-01-12T19:21:39 IST" skipped="0">
  <testcase classname="POM_DDF_TestNG.SwagLoginPageTest" name="HomePage" time="5.651"/>
  <system-out/>
</testsuite> <!-- POM_DDF_TestNG.SwagLoginPageTest -->
