<?xml version="1.0" encoding="UTF-8"?>
<!-- Generated by org.testng.reporters.JUnitReportReporter -->
<testsuite hostname="DESKTOP-NM0SKFU" failures="0" tests="1" name="POM_DDF_TestNG_BaseClass.SwagTestClass" time="2.030" errors="0" timestamp="2023-01-12T22:36:32 IST" skipped="0">
  <testcase classname="POM_DDF_TestNG_BaseClass.SwagTestClass" name="OpenHomePage" time="2.030"/>
  <system-out/>
</testsuite> <!-- POM_DDF_TestNG_BaseClass.SwagTestClass -->
