<?xml version="1.0" encoding="UTF-8"?>
<!-- Generated by org.testng.reporters.JUnitReportReporter -->
<testsuite hostname="DESKTOP-NM0SKFU" failures="0" tests="1" name="TestNG.Example11_Parallel_1" time="17.058" errors="0" timestamp="2023-01-09T14:33:36 IST" skipped="0">
  <testcase classname="TestNG.Example11_Parallel_1" name="TC1" time="17.058"/>
  <system-out/>
</testsuite> <!-- TestNG.Example11_Parallel_1 -->
