<?xml version="1.0" encoding="UTF-8"?>
<!-- Generated by org.testng.reporters.JUnitReportReporter -->
<testsuite hostname="DESKTOP-NM0SKFU" failures="0" tests="2" name="TestNG.Example10_grouping" time="0.021" errors="0" timestamp="2023-01-09T13:59:31 IST" skipped="0">
  <testcase classname="TestNG.Example10_grouping" name="TC1" time="0.007"/>
  <system-out>
    <![CDATA[running TC1]]>
  </system-out>
  <testcase classname="TestNG.Example10_grouping" name="TC2" time="0.014"/>
  <system-out>
    <![CDATA[running TC2]]>
  </system-out>
</testsuite> <!-- TestNG.Example10_grouping -->
