<?xml version="1.0" encoding="UTF-8"?>
<!-- Generated by org.testng.reporters.JUnitReportReporter -->
<testsuite hostname="DESKTOP-NM0SKFU" failures="0" tests="2" name="POM_DDF_TestNG_PropertyFile_FailedTCCesSS.SwagTestClass_01" time="6.177" errors="0" timestamp="2023-01-23T09:12:47 IST" skipped="0">
  <testcase classname="POM_DDF_TestNG_PropertyFile_FailedTCCesSS.SwagTestClass_01" name="OpenHomePage" time="1.504"/>
  <system-out/>
  <testcase classname="POM_DDF_TestNG_PropertyFile_FailedTCCesSS.SwagTestClass_01" name="AddToCart" time="4.673"/>
  <system-out/>
</testsuite> <!-- POM_DDF_TestNG_PropertyFile_FailedTCCesSS.SwagTestClass_01 -->
