<?xml version="1.0" encoding="UTF-8"?>
<!-- Generated by org.testng.reporters.JUnitReportReporter -->
<testsuite hostname="DESKTOP-NM0SKFU" failures="0" tests="2" name="TestNG.Example12_MultiBrowserTesting" time="26.483" errors="0" timestamp="2023-01-10T17:22:36 IST" skipped="0">
  <testcase classname="TestNG.Example12_MultiBrowserTesting" name="TC" time="13.320"/>
  <system-out/>
  <testcase classname="TestNG.Example12_MultiBrowserTesting" name="TC" time="13.163"/>
  <system-out/>
</testsuite> <!-- TestNG.Example12_MultiBrowserTesting -->
