<?xml version="1.0" encoding="UTF-8"?>
<!-- Generated by org.testng.reporters.JUnitReportReporter -->
<testsuite hostname="DESKTOP-NM0SKFU" failures="0" tests="2" name="TestNG.Example10_grouping2" time="0.042" errors="0" timestamp="2023-01-09T13:59:31 IST" skipped="0">
  <testcase classname="TestNG.Example10_grouping2" name="TC5" time="0.031"/>
  <system-out>
    <![CDATA[running TC5]]>
  </system-out>
  <testcase classname="TestNG.Example10_grouping2" name="TC6" time="0.011"/>
  <system-out>
    <![CDATA[running TC6]]>
  </system-out>
</testsuite> <!-- TestNG.Example10_grouping2 -->
